d:\projects\adventure\adventure\adventure_game\adventure_game\x64\debug\vc142.pdb
d:\projects\adventure\adventure\adventure_game\adventure_game\x64\debug\vc142.idb
d:\projects\adventure\adventure\adventure_game\adventure_game\x64\debug\renderingsystem.obj
d:\projects\adventure\adventure\adventure_game\adventure_game\x64\debug\main.obj
d:\projects\adventure\adventure\adventure_game\adventure_game\x64\debug\game.obj
d:\projects\adventure\adventure\adventure_game\adventure_game\x64\debug\object.obj
d:\projects\adventure\adventure\adventure_game\adventure_game\x64\debug\world.obj
d:\projects\adventure\adventure\adventure_game\adventure_game\x64\debug\overworld.obj
d:\projects\adventure\adventure\adventure_game\adventure_game\x64\debug\sprite.obj
d:\projects\adventure\adventure\adventure_game\adventure_game\x64\debug\location.obj
d:\projects\adventure\adventure\adventure_game\adventure_game\x64\debug\littleroot.obj
d:\projects\adventure\adventure\adventure_game\adventure_game\x64\debug\collider.obj
d:\projects\adventure\adventure\adventure_game\adventure_game\x64\debug\character.obj
d:\projects\adventure\adventure\adventure_game\adventure_game\x64\debug\collisionsystem.obj
d:\projects\adventure\adventure\adventure_game\adventure_game\x64\debug\camera.obj
d:\projects\adventure\adventure\adventure_game\adventure_game\x64\debug\tile.obj
d:\projects\adventure\adventure\adventure_game\adventure_game\x64\debug\locationmanager.obj
d:\projects\adventure\adventure\adventure_game\adventure_game\x64\debug\locationdisplay.obj
d:\projects\adventure\adventure\adventure_game\adventure_game\x64\debug\animator.obj
d:\projects\adventure\adventure\adventure_game\adventure_game\x64\debug\hospital.obj
d:\projects\adventure\adventure\adventure_game\adventure_game\x64\debug\transitions.obj
d:\projects\adventure\adventure\adventure_game\adventure_game\x64\debug\eventcommand.obj
d:\projects\adventure\adventure\adventure_game\adventure_game\x64\debug\event.obj
d:\projects\adventure\adventure\adventure_game\adventure_game\x64\debug\changeoverworldstate.obj
d:\projects\adventure\adventure\adventure_game\adventure_game\x64\debug\overworldstate.obj
d:\projects\adventure\adventure\adventure_game\adventure_game\x64\debug\eventsystem.obj
d:\projects\adventure\adventure\adventure_game\adventure_game\x64\debug\warpevent.obj
d:\projects\adventure\adventure\adventure_game\adventure_game\x64\debug\tilecasting.obj
d:\projects\adventure\adventure\adventure_game\adventure_game\x64\debug\changelocationtile.obj
d:\projects\adventure\adventure\adventure_game\adventure_game\x64\debug\warptile.obj
d:\projects\adventure\adventure\adventure_game\adventure_game\x64\debug\test_hospital_exterior.obj
d:\projects\adventure\adventure\adventure_game\adventure_game\x64\debug\test_hospital_interior.obj
d:\projects\adventure\adventure\adventure_game\adventure_game\x64\debug\sublocation.obj
d:\projects\adventure\adventure\adventure_game\adventure_game\x64\debug\route101.obj
d:\projects\adventure\adventure\adventure_game\adventure_game\x64\debug\setsublocationcommand.obj
d:\projects\adventure\adventure\adventure_game\adventure_game\x64\debug\eventcasting.obj
d:\projects\adventure\adventure\adventure_game\adventure_game\x64\debug\warpeventinside.obj
d:\projects\adventure\adventure\adventure_game\adventure_game\x64\debug\layerrenderer.obj
d:\projects\adventure\adventure\adventure_game\adventure_game\x64\debug\node.obj
d:\projects\adventure\adventure\adventure_game\adventure_game\x64\debug\nodearea.obj
d:\projects\adventure\adventure\adventure_game\adventure_game\x64\debug\movemensystem.obj
d:\projects\adventure\adventure\adventure_game\adventure_game\x64\debug\littlerootnodearea.obj
d:\projects\adventure\adventure\adventure_game\adventure_game\x64\debug\route101nodearea.obj
d:\projects\adventure\adventure\adventure_game\adventure_game\x64\debug\staticobject.obj
d:\projects\adventure\adventure\adventure_game\adventure_game\x64\debug\spritecomponent.obj
d:\projects\adventure\adventure\adventure_game\adventure_game\x64\debug\waitcommand.obj
d:\projects\adventure\adventure\adventure_game\adventure_game\x64\debug\dynamicobject.obj
d:\projects\adventure\adventure\adventure_game\adventure_game\x64\debug\component.obj
d:\projects\adventure\adventure\adventure_game\adventure_game\x64\debug\movementcomponent.obj
d:\projects\adventure\adventure\adventure_game\adventure_game\x64\debug\componentcasting.obj
d:\projects\adventure\adventure\adventure_game\adventure_game\x64\debug\test_hospital_nodearea.obj
d:\projects\adventure\adventure\adventure_game\adventure_game\x64\debug\warpeventoutside.obj
d:\projects\adventure\adventure\adventure_game\adventure_game\x64\debug\setdynamicobjectpositioncommand.obj
d:\projects\adventure\adventure\adventure_game\adventure_game\x64\debug\dialoguecomponent.obj
d:\projects\adventure\adventure\adventure_game\adventure_game\x64\debug\dialoguesystem.obj
d:\projects\adventure\adventure\adventure_game\adventure_game\x64\debug\options.obj
d:\projects\adventure\adventure\adventure_game\adventure_game\x64\debug\dialogue.obj
d:\projects\adventure\adventure\adventure_game\adventure_game\x64\debug\jsoncpp.obj
d:\projects\adventure\adventure\adventure_game\adventure_game\x64\debug\keyinputsystem.obj
d:\projects\adventure\adventure\adventure_game\adventure_game\x64\debug\keycomponent.obj
d:\projects\adventure\adventure\adventure_game\adventure_game\x64\debug\savegame.obj
d:\projects\adventure\adventure\adventure_game\adventure_game\x64\debug\loadgame.obj
d:\projects\adventure\adventure\adventure_game\x64\debug\adventure_game.exe
d:\projects\adventure\adventure\adventure_game\adventure_game\x64\debug\adventure_game.ilk
d:\projects\adventure\adventure\adventure_game\x64\debug\adventure_game.pdb
d:\projects\adventure\adventure\adventure_game\adventure_game\x64\debug\character.obj.enc
d:\projects\adventure\adventure\adventure_game\adventure_game\x64\debug\collisionsystem.obj.enc
d:\projects\adventure\adventure\adventure_game\adventure_game\x64\debug\littleroot.obj.enc
d:\projects\adventure\adventure\adventure_game\adventure_game\x64\debug\location.obj.enc
d:\projects\adventure\adventure\adventure_game\adventure_game\x64\debug\locationdisplay.obj.enc
d:\projects\adventure\adventure\adventure_game\adventure_game\x64\debug\nodearea.obj.enc
d:\projects\adventure\adventure\adventure_game\adventure_game\x64\debug\options.new.obj.enc
d:\projects\adventure\adventure\adventure_game\adventure_game\x64\debug\test_hospital_interior.obj.enc
d:\projects\adventure\adventure\adventure_game\adventure_game\x64\debug\test_hospital_nodearea.obj.enc
d:\projects\adventure\adventure\adventure_game\adventure_game\x64\debug\warpeventoutside.obj.enc
d:\projects\adventure\adventure\adventure_game\x64\debug\adventure_game.ilk
d:\projects\adventure\adventure\adventure_game\adventure_game\x64\debug\adventure_game.tlog\cl.command.1.tlog
d:\projects\adventure\adventure\adventure_game\adventure_game\x64\debug\adventure_game.tlog\cl.read.1.tlog
d:\projects\adventure\adventure\adventure_game\adventure_game\x64\debug\adventure_game.tlog\cl.write.1.tlog
d:\projects\adventure\adventure\adventure_game\adventure_game\x64\debug\adventure_game.tlog\link.command.1.tlog
d:\projects\adventure\adventure\adventure_game\adventure_game\x64\debug\adventure_game.tlog\link.read.1.tlog
d:\projects\adventure\adventure\adventure_game\adventure_game\x64\debug\adventure_game.tlog\link.write.1.tlog
